{
  "stats": {
    "suites": 1,
    "tests": 3,
    "passes": 3,
    "pending": 0,
    "failures": 0,
    "start": "2026-05-17T02:25:43.460Z",
    "end": "2026-05-17T02:25:43.467Z",
    "duration": 7,
    "testsRegistered": 3,
    "passPercent": 100,
    "pendingPercent": 0,
    "other": 0,
    "hasOther": false,
    "skipped": 0,
    "hasSkipped": false
  },
  "results": [
    {
      "uuid": "39adff60-56fe-43ea-b2d2-0ea12444effd",
      "title": "",
      "fullFile": "C:\\Projetos\\quartas-de-promacao\\Quartas-de-programa-o\\pedidosCafeteria\\test\\contarPedidos.test.js",
      "file": "\\test\\contarPedidos.test.js",
      "beforeHooks": [],
      "afterHooks": [],
      "tests": [],
      "suites": [
        {
          "uuid": "e2eb15fc-5b39-48b1-8077-85a73a4cd949",
          "title": "Testando funções de quantidade de café",
          "fullFile": "C:\\Projetos\\quartas-de-promacao\\Quartas-de-programa-o\\pedidosCafeteria\\test\\contarPedidos.test.js",
          "file": "\\test\\contarPedidos.test.js",
          "beforeHooks": [],
          "afterHooks": [],
          "tests": [
            {
              "title": "Deve retornar a quantidade de pedidos de café",
              "fullTitle": "Testando funções de quantidade de café Deve retornar a quantidade de pedidos de café",
              "timedOut": false,
              "duration": 0,
              "state": "passed",
              "speed": "fast",
              "pass": true,
              "fail": false,
              "pending": false,
              "context": null,
              "code": "let respostaQuantidade = validarQuantidade([\"suco\", \"café\", \"água\",\"café\", \"salgado\", \"café\"])\nassert.strictEqual(respostaQuantidade, 3)",
              "err": {},
              "uuid": "223a75bb-0759-420f-9bbe-faf855a4ecb0",
              "parentUUID": "e2eb15fc-5b39-48b1-8077-85a73a4cd949",
              "isHook": false,
              "skipped": false
            },
            {
              "title": "Deve retornar nenhum pedido de café",
              "fullTitle": "Testando funções de quantidade de café Deve retornar nenhum pedido de café",
              "timedOut": false,
              "duration": 0,
              "state": "passed",
              "speed": "fast",
              "pass": true,
              "fail": false,
              "pending": false,
              "context": null,
              "code": "let respostaQuantidade = validarQuantidade([0])\nassert.strictEqual(respostaQuantidade, \"Nenhum café foi pedido\")",
              "err": {},
              "uuid": "74632d45-0ca0-4f2c-b059-7da901825889",
              "parentUUID": "e2eb15fc-5b39-48b1-8077-85a73a4cd949",
              "isHook": false,
              "skipped": false
            },
            {
              "title": "Deve retornar insira um dado válido",
              "fullTitle": "Testando funções de quantidade de café Deve retornar insira um dado válido",
              "timedOut": false,
              "duration": 0,
              "state": "passed",
              "speed": "fast",
              "pass": true,
              "fail": false,
              "pending": false,
              "context": null,
              "code": "let respostaQuantidade = validarQuantidade([null, undefined, -1])\nassert.strictEqual(respostaQuantidade, \"Insira um dado válido\")",
              "err": {},
              "uuid": "b103954a-d035-415a-ba33-d1b660b755f7",
              "parentUUID": "e2eb15fc-5b39-48b1-8077-85a73a4cd949",
              "isHook": false,
              "skipped": false
            }
          ],
          "suites": [],
          "passes": [
            "223a75bb-0759-420f-9bbe-faf855a4ecb0",
            "74632d45-0ca0-4f2c-b059-7da901825889",
            "b103954a-d035-415a-ba33-d1b660b755f7"
          ],
          "failures": [],
          "pending": [],
          "skipped": [],
          "duration": 0,
          "root": false,
          "rootEmpty": false,
          "_timeout": 2000
        }
      ],
      "passes": [],
      "failures": [],
      "pending": [],
      "skipped": [],
      "duration": 0,
      "root": true,
      "rootEmpty": true,
      "_timeout": 2000
    }
  ],
  "meta": {
    "mocha": {
      "version": "11.7.5"
    },
    "mochawesome": {
      "options": {
        "quiet": false,
        "reportFilename": "mochawesome",
        "saveHtml": true,
        "saveJson": true,
        "consoleReporter": "spec",
        "useInlineDiffs": false,
        "code": true
      },
      "version": "7.1.4"
    },
    "marge": {
      "options": null,
      "version": "6.3.2"
    }
  }
}